March 18, 2020, 4:29 pm
Маршут: A на A открыт.
March 18, 2020, 4:29 pm
я стою на A, мой маршут A, я еду.
March 18, 2020, 4:29 pm
Маршут: A на B открыт.
March 18, 2020, 4:29 pm
я стою на A, мой маршут C
March 18, 2020, 4:29 pm
Маршут: A на C открыт.
March 18, 2020, 4:29 pm
я стою на A, мой маршут C, я еду.
March 18, 2020, 4:29 pm
Маршут: A на D открыт.
March 18, 2020, 4:29 pm
я стою на A, мой маршут C
March 18, 2020, 4:29 pm
Маршут: B на A открыт.
March 18, 2020, 4:29 pm
я стою на B, мой маршут A, я еду.
March 18, 2020, 4:29 pm
Маршут: B на B открыт.
March 18, 2020, 4:29 pm
я стою на B, мой маршут B, я еду.
March 18, 2020, 4:29 pm
Маршут: B на C открыт.
March 18, 2020, 4:29 pm
я стою на B, мой маршут D
March 18, 2020, 4:29 pm
Маршут: B на D открыт.
March 18, 2020, 4:29 pm
я стою на B, мой маршут D, я еду.
March 18, 2020, 4:29 pm
Маршут: C на A открыт.
March 18, 2020, 4:29 pm
я стою на C, мой маршут B
March 18, 2020, 4:29 pm
Маршут: C на B открыт.
March 18, 2020, 4:29 pm
я стою на C, мой маршут B, я еду.
March 18, 2020, 4:29 pm
Маршут: C на C открыт.
March 18, 2020, 4:29 pm
я стою на C, мой маршут C, я еду.
March 18, 2020, 4:29 pm
Маршут: C на D открыт.
March 18, 2020, 4:29 pm
я стою на C, мой маршут A
March 18, 2020, 4:29 pm
Маршут: D на A открыт.
March 18, 2020, 4:29 pm
я стою на D, мой маршут D
March 18, 2020, 4:29 pm
Маршут: D на B открыт.
March 18, 2020, 4:29 pm
я стою на D, мой маршут D
March 18, 2020, 4:29 pm
Маршут: D на C открыт.
March 18, 2020, 4:29 pm
я стою на D, мой маршут D
March 18, 2020, 4:29 pm
Маршут: D на D открыт.
March 18, 2020, 4:29 pm
я стою на D, мой маршут D, я еду.
March 18, 2020, 4:29 pm
Маршут: A на A открыт.
March 18, 2020, 4:29 pm
я стою на A, мой маршут C
March 18, 2020, 4:29 pm
Маршут: A на B открыт.
March 18, 2020, 4:29 pm
я стою на A, мой маршут C
March 18, 2020, 4:29 pm
Маршут: A на C открыт.
March 18, 2020, 4:29 pm
я стою на A, мой маршут C, я еду.
March 18, 2020, 4:29 pm
Маршут: A на D открыт.
March 18, 2020, 4:29 pm
я стою на A, мой маршут D, я еду.
March 18, 2020, 4:29 pm
Маршут: B на A открыт.
March 18, 2020, 4:29 pm
я стою на B, мой маршут C
March 18, 2020, 4:29 pm
Маршут: B на B открыт.
March 18, 2020, 4:29 pm
я стою на B, мой маршут C
March 18, 2020, 4:29 pm
Маршут: B на C открыт.
March 18, 2020, 4:29 pm
я стою на B, мой маршут C, я еду.
March 18, 2020, 4:29 pm
Маршут: B на D открыт.
March 18, 2020, 4:29 pm
я стою на B, мой маршут B
March 18, 2020, 4:29 pm
Маршут: C на A открыт.
March 18, 2020, 4:29 pm
я стою на C, мой маршут A, я еду.
March 18, 2020, 4:29 pm
Маршут: C на B открыт.
March 18, 2020, 4:29 pm
я стою на C, мой маршут D
March 18, 2020, 4:29 pm
Маршут: C на C открыт.
March 18, 2020, 4:29 pm
я стою на C, мой маршут D
March 18, 2020, 4:29 pm
Маршут: C на D открыт.
March 18, 2020, 4:29 pm
я стою на C, мой маршут D, я еду.
March 18, 2020, 4:29 pm
Маршут: D на A открыт.
March 18, 2020, 4:29 pm
я стою на D, мой маршут D
March 18, 2020, 4:29 pm
Маршут: D на B открыт.
March 18, 2020, 4:29 pm
я стою на D, мой маршут D
March 18, 2020, 4:29 pm
Маршут: D на C открыт.
March 18, 2020, 4:29 pm
я стою на D, мой маршут D
March 18, 2020, 4:29 pm
Маршут: D на D открыт.
March 18, 2020, 4:29 pm
я стою на D, мой маршут D, я еду.
March 18, 2020, 4:29 pm
Маршут: A на A открыт.
March 18, 2020, 4:29 pm
я стою на A, мой маршут D
March 18, 2020, 4:29 pm
Маршут: A на B открыт.
March 18, 2020, 4:29 pm
я стою на A, мой маршут D
March 18, 2020, 4:29 pm
Маршут: A на C открыт.
March 18, 2020, 4:29 pm
я стою на A, мой маршут D
March 18, 2020, 4:29 pm
Маршут: A на D открыт.
March 18, 2020, 4:29 pm
я стою на A, мой маршут D, я еду.
March 18, 2020, 4:29 pm
Маршут: B на A открыт.
March 18, 2020, 4:29 pm
я стою на B, мой маршут B
March 18, 2020, 4:29 pm
Маршут: B на B открыт.
March 18, 2020, 4:29 pm
я стою на B, мой маршут B, я еду.
March 18, 2020, 4:29 pm
Маршут: B на C открыт.
March 18, 2020, 4:29 pm
я стою на B, мой маршут B
March 18, 2020, 4:29 pm
Маршут: B на D открыт.
March 18, 2020, 4:29 pm
я стою на B, мой маршут B
March 18, 2020, 4:29 pm
Маршут: C на A открыт.
March 18, 2020, 4:29 pm
я стою на C, мой маршут D
March 18, 2020, 4:29 pm
Маршут: C на B открыт.
March 18, 2020, 4:29 pm
я стою на C, мой маршут D
March 18, 2020, 4:29 pm
Маршут: C на C открыт.
March 18, 2020, 4:29 pm
я стою на C, мой маршут D
March 18, 2020, 4:29 pm
Маршут: C на D открыт.
March 18, 2020, 4:29 pm
я стою на C, мой маршут D, я еду.
March 18, 2020, 4:29 pm
Маршут: D на A открыт.
March 18, 2020, 4:29 pm
я стою на D, мой маршут C
March 18, 2020, 4:29 pm
Маршут: D на B открыт.
March 18, 2020, 4:29 pm
я стою на D, мой маршут C
March 18, 2020, 4:29 pm
Маршут: D на C открыт.
March 18, 2020, 4:29 pm
я стою на D, мой маршут C, я еду.
March 18, 2020, 4:29 pm
Маршут: D на D открыт.
March 18, 2020, 4:29 pm
я стою на D, мой маршут C
March 18, 2020, 4:29 pm
Маршут: A на A открыт.
March 18, 2020, 4:29 pm
я стою на A, мой маршут B
March 18, 2020, 4:29 pm
Маршут: A на B открыт.
March 18, 2020, 4:29 pm
я стою на A, мой маршут B, я еду.
March 18, 2020, 4:29 pm
Маршут: A на C открыт.
March 18, 2020, 4:29 pm
я стою на A, мой маршут C, я еду.
March 18, 2020, 4:29 pm
Маршут: A на D открыт.
March 18, 2020, 4:29 pm
я стою на A, мой маршут D, я еду.
March 18, 2020, 4:29 pm
Маршут: B на A открыт.
March 18, 2020, 4:29 pm
я стою на B, мой маршут B
March 18, 2020, 4:29 pm
Маршут: B на B открыт.
March 18, 2020, 4:29 pm
я стою на B, мой маршут B, я еду.
March 18, 2020, 4:29 pm
Маршут: B на C открыт.
March 18, 2020, 4:29 pm
я стою на B, мой маршут B
March 18, 2020, 4:29 pm
Маршут: B на D открыт.
March 18, 2020, 4:29 pm
я стою на B, мой маршут B
March 18, 2020, 4:29 pm
Маршут: C на A открыт.
March 18, 2020, 4:29 pm
я стою на C, мой маршут D
March 18, 2020, 4:29 pm
Маршут: C на B открыт.
March 18, 2020, 4:29 pm
я стою на C, мой маршут D
March 18, 2020, 4:29 pm
Маршут: C на C открыт.
March 18, 2020, 4:29 pm
я стою на C, мой маршут D
March 18, 2020, 4:29 pm
Маршут: C на D открыт.
March 18, 2020, 4:29 pm
я стою на C, мой маршут D, я еду.
March 18, 2020, 4:29 pm
Маршут: D на A открыт.
March 18, 2020, 4:29 pm
я стою на D, мой маршут C
March 18, 2020, 4:29 pm
Маршут: D на B открыт.
March 18, 2020, 4:29 pm
я стою на D, мой маршут C
March 18, 2020, 4:29 pm
Маршут: D на C открыт.
March 18, 2020, 4:29 pm
я стою на D, мой маршут C, я еду.
March 18, 2020, 4:29 pm
Маршут: D на D открыт.
March 18, 2020, 4:29 pm
я стою на D, мой маршут C
March 18, 2020, 4:29 pm
Маршут: A на A открыт.
March 18, 2020, 4:29 pm
я стою на A, мой маршут D
March 18, 2020, 4:29 pm
Маршут: A на B открыт.
March 18, 2020, 4:29 pm
я стою на A, мой маршут D
March 18, 2020, 4:29 pm
Маршут: A на C открыт.
March 18, 2020, 4:29 pm
я стою на A, мой маршут D
March 18, 2020, 4:29 pm
Маршут: A на D открыт.
March 18, 2020, 4:29 pm
я стою на A, мой маршут D, я еду.
March 18, 2020, 4:29 pm
Маршут: B на A открыт.
March 18, 2020, 4:29 pm
я стою на B, мой маршут B
March 18, 2020, 4:29 pm
Маршут: B на B открыт.
March 18, 2020, 4:29 pm
я стою на B, мой маршут B, я еду.
March 18, 2020, 4:29 pm
Маршут: B на C открыт.
March 18, 2020, 4:29 pm
я стою на B, мой маршут C, я еду.
March 18, 2020, 4:29 pm
Маршут: B на D открыт.
March 18, 2020, 4:29 pm
я стою на B, мой маршут D, я еду.
March 18, 2020, 4:29 pm
Маршут: C на A открыт.
March 18, 2020, 4:29 pm
я стою на C, мой маршут C
March 18, 2020, 4:29 pm
Маршут: C на B открыт.
March 18, 2020, 4:29 pm
я стою на C, мой маршут C
March 18, 2020, 4:29 pm
Маршут: C на C открыт.
March 18, 2020, 4:29 pm
я стою на C, мой маршут C, я еду.
March 18, 2020, 4:29 pm
Маршут: C на D открыт.
March 18, 2020, 4:29 pm
я стою на C, мой маршут C
March 18, 2020, 4:29 pm
Маршут: D на A открыт.
March 18, 2020, 4:29 pm
я стою на D, мой маршут C
March 18, 2020, 4:29 pm
Маршут: D на B открыт.
March 18, 2020, 4:29 pm
я стою на D, мой маршут C
March 18, 2020, 4:29 pm
Маршут: D на C открыт.
March 18, 2020, 4:29 pm
я стою на D, мой маршут C, я еду.
March 18, 2020, 4:29 pm
Маршут: D на D открыт.
March 18, 2020, 4:29 pm
я стою на D, мой маршут C
March 18, 2020, 4:29 pm
Маршут: A на A открыт.
March 18, 2020, 4:29 pm
я стою на A, мой маршут D
March 18, 2020, 4:29 pm
Маршут: A на B открыт.
March 18, 2020, 4:29 pm
я стою на A, мой маршут D
March 18, 2020, 4:29 pm
Маршут: A на C открыт.
March 18, 2020, 4:29 pm
я стою на A, мой маршут D
March 18, 2020, 4:29 pm
Маршут: A на D открыт.
March 18, 2020, 4:29 pm
я стою на A, мой маршут D, я еду.
March 18, 2020, 4:29 pm
Маршут: B на A открыт.
March 18, 2020, 4:29 pm
я стою на B, мой маршут D
March 18, 2020, 4:29 pm
Маршут: B на B открыт.
March 18, 2020, 4:29 pm
я стою на B, мой маршут D
March 18, 2020, 4:29 pm
Маршут: B на C открыт.
March 18, 2020, 4:29 pm
я стою на B, мой маршут D
March 18, 2020, 4:29 pm
Маршут: B на D открыт.
March 18, 2020, 4:29 pm
я стою на B, мой маршут D, я еду.
March 18, 2020, 4:29 pm
Маршут: C на A открыт.
March 18, 2020, 4:29 pm
я стою на C, мой маршут C
March 18, 2020, 4:29 pm
Маршут: C на B открыт.
March 18, 2020, 4:29 pm
я стою на C, мой маршут C
March 18, 2020, 4:29 pm
Маршут: C на C открыт.
March 18, 2020, 4:29 pm
я стою на C, мой маршут C, я еду.
March 18, 2020, 4:29 pm
Маршут: C на D открыт.
March 18, 2020, 4:29 pm
я стою на C, мой маршут A
March 18, 2020, 4:29 pm
Маршут: D на A открыт.
March 18, 2020, 4:29 pm
я стою на D, мой маршут C
March 18, 2020, 4:29 pm
Маршут: D на B открыт.
March 18, 2020, 4:29 pm
я стою на D, мой маршут C
March 18, 2020, 4:29 pm
Маршут: D на C открыт.
March 18, 2020, 4:29 pm
я стою на D, мой маршут C, я еду.
March 18, 2020, 4:29 pm
Маршут: D на D открыт.
March 18, 2020, 4:29 pm
я стою на D, мой маршут A
March 18, 2020, 4:29 pm
Маршут: A на A открыт.
March 18, 2020, 4:29 pm
я стою на A, мой маршут A, я еду.
March 18, 2020, 4:29 pm
Маршут: A на B открыт.
March 18, 2020, 4:29 pm
я стою на A, мой маршут D
March 18, 2020, 4:29 pm
Маршут: A на C открыт.
March 18, 2020, 4:29 pm
я стою на A, мой маршут D
March 18, 2020, 4:29 pm
Маршут: A на D открыт.
March 18, 2020, 4:29 pm
я стою на A, мой маршут D, я еду.
March 18, 2020, 4:29 pm
Маршут: B на A открыт.
March 18, 2020, 4:29 pm
я стою на B, мой маршут B
March 18, 2020, 4:29 pm
Маршут: B на B открыт.
March 18, 2020, 4:29 pm
я стою на B, мой маршут B, я еду.
March 18, 2020, 4:29 pm
Маршут: B на C открыт.
March 18, 2020, 4:29 pm
я стою на B, мой маршут A
March 18, 2020, 4:29 pm
Маршут: B на D открыт.
March 18, 2020, 4:29 pm
я стою на B, мой маршут A
March 18, 2020, 4:29 pm
Маршут: C на A открыт.
March 18, 2020, 4:29 pm
я стою на C, мой маршут A, я еду.
March 18, 2020, 4:29 pm
Маршут: C на B открыт.
March 18, 2020, 4:29 pm
я стою на C, мой маршут C
March 18, 2020, 4:29 pm
Маршут: C на C открыт.
March 18, 2020, 4:29 pm
я стою на C, мой маршут C, я еду.
March 18, 2020, 4:29 pm
Маршут: C на D открыт.
March 18, 2020, 4:29 pm
я стою на C, мой маршут C
March 18, 2020, 4:29 pm
Маршут: D на A открыт.
March 18, 2020, 4:29 pm
я стою на D, мой маршут A, я еду.
March 18, 2020, 4:29 pm
Маршут: D на B открыт.
March 18, 2020, 4:29 pm
я стою на D, мой маршут B, я еду.
March 18, 2020, 4:29 pm
Маршут: D на C открыт.
March 18, 2020, 4:29 pm
я стою на D, мой маршут C, я еду.
March 18, 2020, 4:29 pm
Маршут: D на D открыт.
March 18, 2020, 4:29 pm
Маршут: A на A открыт.
March 18, 2020, 4:29 pm
я стою на A, мой маршут B
March 18, 2020, 4:29 pm
Маршут: A на B открыт.
March 18, 2020, 4:29 pm
я стою на A, мой маршут B, я еду.
March 18, 2020, 4:29 pm
Маршут: A на C открыт.
March 18, 2020, 4:29 pm
я стою на A, мой маршут A
March 18, 2020, 4:29 pm
Маршут: A на D открыт.
March 18, 2020, 4:29 pm
я стою на A, мой маршут A
March 18, 2020, 4:29 pm
Маршут: B на A открыт.
March 18, 2020, 4:29 pm
я стою на B, мой маршут A, я еду.
March 18, 2020, 4:29 pm
Маршут: B на B открыт.
March 18, 2020, 4:29 pm
я стою на B, мой маршут D
March 18, 2020, 4:29 pm
Маршут: B на C открыт.
March 18, 2020, 4:29 pm
я стою на B, мой маршут D
March 18, 2020, 4:29 pm
Маршут: B на D открыт.
March 18, 2020, 4:29 pm
я стою на B, мой маршут D, я еду.
March 18, 2020, 4:29 pm
Маршут: C на A открыт.
March 18, 2020, 4:29 pm
я стою на C, мой маршут C
March 18, 2020, 4:29 pm
Маршут: C на B открыт.
March 18, 2020, 4:29 pm
я стою на C, мой маршут C
March 18, 2020, 4:29 pm
Маршут: C на C открыт.
March 18, 2020, 4:29 pm
я стою на C, мой маршут C, я еду.
March 18, 2020, 4:29 pm
Маршут: C на D открыт.
March 18, 2020, 4:29 pm
я стою на C, мой маршут A
March 18, 2020, 4:29 pm
Маршут: D на A открыт.
March 18, 2020, 4:29 pm
Маршут: D на B открыт.
March 18, 2020, 4:29 pm
Маршут: D на C открыт.
March 18, 2020, 4:29 pm
Маршут: D на D открыт.
March 18, 2020, 4:29 pm
Маршут: A на A открыт.
March 18, 2020, 4:29 pm
я стою на A, мой маршут A, я еду.
March 18, 2020, 4:29 pm
Маршут: A на B открыт.
March 18, 2020, 4:29 pm
я стою на A, мой маршут B, я еду.
March 18, 2020, 4:29 pm
Маршут: A на C открыт.
March 18, 2020, 4:29 pm
я стою на A, мой маршут A
March 18, 2020, 4:29 pm
Маршут: A на D открыт.
March 18, 2020, 4:29 pm
я стою на A, мой маршут A
March 18, 2020, 4:29 pm
Маршут: B на A открыт.
March 18, 2020, 4:29 pm
я стою на B, мой маршут A, я еду.
March 18, 2020, 4:29 pm
Маршут: B на B открыт.
March 18, 2020, 4:29 pm
я стою на B, мой маршут B, я еду.
March 18, 2020, 4:29 pm
Маршут: B на C открыт.
March 18, 2020, 4:29 pm
я стою на B, мой маршут D
March 18, 2020, 4:29 pm
Маршут: B на D открыт.
March 18, 2020, 4:29 pm
я стою на B, мой маршут D, я еду.
March 18, 2020, 4:29 pm
Маршут: C на A открыт.
March 18, 2020, 4:29 pm
я стою на C, мой маршут A, я еду.
March 18, 2020, 4:29 pm
Маршут: C на B открыт.
March 18, 2020, 4:29 pm
я стою на C, мой маршут B, я еду.
March 18, 2020, 4:29 pm
Маршут: C на C открыт.
March 18, 2020, 4:29 pm
я стою на C, мой маршут C, я еду.
March 18, 2020, 4:29 pm
Маршут: C на D открыт.
March 18, 2020, 4:29 pm
я стою на C, мой маршут A
March 18, 2020, 4:29 pm
Маршут: D на A открыт.
March 18, 2020, 4:29 pm
Маршут: D на B открыт.
March 18, 2020, 4:29 pm
Маршут: D на C открыт.
March 18, 2020, 4:29 pm
Маршут: D на D открыт.
March 18, 2020, 4:29 pm
Маршут: A на A открыт.
March 18, 2020, 4:29 pm
я стою на A, мой маршут A, я еду.
March 18, 2020, 4:29 pm
Маршут: A на B открыт.
March 18, 2020, 4:29 pm
я стою на A, мой маршут B, я еду.
March 18, 2020, 4:29 pm
Маршут: A на C открыт.
March 18, 2020, 4:29 pm
Маршут: A на D открыт.
March 18, 2020, 4:29 pm
Маршут: B на A открыт.
March 18, 2020, 4:29 pm
я стою на B, мой маршут B
March 18, 2020, 4:29 pm
Маршут: B на B открыт.
March 18, 2020, 4:29 pm
я стою на B, мой маршут B, я еду.
March 18, 2020, 4:29 pm
Маршут: B на C открыт.
March 18, 2020, 4:29 pm
я стою на B, мой маршут C, я еду.
March 18, 2020, 4:29 pm
Маршут: B на D открыт.
March 18, 2020, 4:29 pm
я стою на B, мой маршут C
March 18, 2020, 4:29 pm
Маршут: C на A открыт.
March 18, 2020, 4:29 pm
я стою на C, мой маршут A, я еду.
March 18, 2020, 4:29 pm
Маршут: C на B открыт.
March 18, 2020, 4:29 pm
я стою на C, мой маршут B, я еду.
March 18, 2020, 4:29 pm
Маршут: C на C открыт.
March 18, 2020, 4:29 pm
Маршут: C на D открыт.
March 18, 2020, 4:29 pm
Маршут: D на A открыт.
March 18, 2020, 4:29 pm
Маршут: D на B открыт.
March 18, 2020, 4:29 pm
Маршут: D на C открыт.
March 18, 2020, 4:29 pm
Маршут: D на D открыт.
March 18, 2020, 4:29 pm
Маршут: A на A открыт.
March 18, 2020, 4:29 pm
Маршут: A на B открыт.
March 18, 2020, 4:29 pm
Маршут: A на C открыт.
March 18, 2020, 4:29 pm
Маршут: A на D открыт.
March 18, 2020, 4:29 pm
Маршут: B на A открыт.
March 18, 2020, 4:29 pm
я стою на B, мой маршут C
March 18, 2020, 4:29 pm
Маршут: B на B открыт.
March 18, 2020, 4:29 pm
я стою на B, мой маршут C
March 18, 2020, 4:29 pm
Маршут: B на C открыт.
March 18, 2020, 4:29 pm
я стою на B, мой маршут C, я еду.
March 18, 2020, 4:29 pm
Маршут: B на D открыт.
March 18, 2020, 4:29 pm
Маршут: C на A открыт.
March 18, 2020, 4:29 pm
Маршут: C на B открыт.
March 18, 2020, 4:29 pm
Маршут: C на C открыт.
March 18, 2020, 4:29 pm
Маршут: C на D открыт.
March 18, 2020, 4:29 pm
Маршут: D на A открыт.
March 18, 2020, 4:29 pm
Маршут: D на B открыт.
March 18, 2020, 4:29 pm
Маршут: D на C открыт.
March 18, 2020, 4:29 pm
Маршут: D на D открыт.
Количество итерации: 146
March 20, 2020, 11:03 am
Маршут: A на A открыт.
March 20, 2020, 11:03 am
я стою на A, мой маршут C
March 20, 2020, 11:03 am
Маршут: A на B открыт.
March 20, 2020, 11:03 am
я стою на A, мой маршут C
March 20, 2020, 11:03 am
Маршут: A на C открыт.
March 20, 2020, 11:03 am
я стою на A, мой маршут C, я еду.
March 20, 2020, 11:03 am
Маршут: A на D открыт.
March 20, 2020, 11:03 am
я стою на A, мой маршут D, я еду.
March 20, 2020, 11:03 am
Маршут: B на A открыт.
March 20, 2020, 11:03 am
я стою на B, мой маршут B
March 20, 2020, 11:03 am
Маршут: B на B открыт.
March 20, 2020, 11:03 am
я стою на B, мой маршут B, я еду.
March 20, 2020, 11:03 am
Маршут: B на C открыт.
March 20, 2020, 11:03 am
я стою на B, мой маршут A
March 20, 2020, 11:03 am
Маршут: B на D открыт.
March 20, 2020, 11:03 am
я стою на B, мой маршут A
March 20, 2020, 11:03 am
Маршут: C на A открыт.
March 20, 2020, 11:03 am
я стою на C, мой маршут C
March 20, 2020, 11:03 am
Маршут: C на B открыт.
March 20, 2020, 11:03 am
я стою на C, мой маршут C
March 20, 2020, 11:03 am
Маршут: C на C открыт.
March 20, 2020, 11:03 am
я стою на C, мой маршут C, я еду.
March 20, 2020, 11:03 am
Маршут: C на D открыт.
March 20, 2020, 11:03 am
я стою на C, мой маршут C
March 20, 2020, 11:03 am
Маршут: D на A открыт.
March 20, 2020, 11:03 am
я стою на D, мой маршут A, я еду.
March 20, 2020, 11:03 am
Маршут: D на B открыт.
March 20, 2020, 11:03 am
я стою на D, мой маршут A
March 20, 2020, 11:03 am
Маршут: D на C открыт.
March 20, 2020, 11:03 am
я стою на D, мой маршут A
March 20, 2020, 11:03 am
Маршут: D на D открыт.
March 20, 2020, 11:03 am
я стою на D, мой маршут A
March 20, 2020, 11:03 am
Маршут: A на A открыт.
March 20, 2020, 11:03 am
я стою на A, мой маршут C
March 20, 2020, 11:03 am
Маршут: A на B открыт.
March 20, 2020, 11:03 am
я стою на A, мой маршут C
March 20, 2020, 11:03 am
Маршут: A на C открыт.
March 20, 2020, 11:03 am
я стою на A, мой маршут C, я еду.
March 20, 2020, 11:03 am
Маршут: A на D открыт.
March 20, 2020, 11:03 am
я стою на A, мой маршут C
March 20, 2020, 11:03 am
Маршут: B на A открыт.
March 20, 2020, 11:03 am
я стою на B, мой маршут A, я еду.
March 20, 2020, 11:03 am
Маршут: B на B открыт.
March 20, 2020, 11:03 am
я стою на B, мой маршут D
March 20, 2020, 11:03 am
Маршут: B на C открыт.
March 20, 2020, 11:03 am
я стою на B, мой маршут D
March 20, 2020, 11:03 am
Маршут: B на D открыт.
March 20, 2020, 11:03 am
я стою на B, мой маршут D, я еду.
March 20, 2020, 11:03 am
Маршут: C на A открыт.
March 20, 2020, 11:03 am
я стою на C, мой маршут C
March 20, 2020, 11:03 am
Маршут: C на B открыт.
March 20, 2020, 11:03 am
я стою на C, мой маршут C
March 20, 2020, 11:03 am
Маршут: C на C открыт.
March 20, 2020, 11:03 am
я стою на C, мой маршут C, я еду.
March 20, 2020, 11:03 am
Маршут: C на D открыт.
March 20, 2020, 11:03 am
я стою на C, мой маршут D, я еду.
March 20, 2020, 11:03 am
Маршут: D на A открыт.
March 20, 2020, 11:03 am
я стою на D, мой маршут A, я еду.
March 20, 2020, 11:03 am
Маршут: D на B открыт.
March 20, 2020, 11:03 am
я стою на D, мой маршут B, я еду.
March 20, 2020, 11:03 am
Маршут: D на C открыт.
March 20, 2020, 11:03 am
я стою на D, мой маршут D
March 20, 2020, 11:03 am
Маршут: D на D открыт.
March 20, 2020, 11:03 am
я стою на D, мой маршут D, я еду.
March 20, 2020, 11:03 am
Маршут: A на A открыт.
March 20, 2020, 11:03 am
я стою на A, мой маршут C
March 20, 2020, 11:03 am
Маршут: A на B открыт.
March 20, 2020, 11:03 am
я стою на A, мой маршут C
March 20, 2020, 11:03 am
Маршут: A на C открыт.
March 20, 2020, 11:03 am
я стою на A, мой маршут C, я еду.
March 20, 2020, 11:03 am
Маршут: A на D открыт.
March 20, 2020, 11:03 am
я стою на A, мой маршут C
March 20, 2020, 11:03 am
Маршут: B на A открыт.
March 20, 2020, 11:03 am
я стою на B, мой маршут C
March 20, 2020, 11:03 am
Маршут: B на B открыт.
March 20, 2020, 11:03 am
я стою на B, мой маршут C
March 20, 2020, 11:03 am
Маршут: B на C открыт.
March 20, 2020, 11:03 am
я стою на B, мой маршут C, я еду.
March 20, 2020, 11:03 am
Маршут: B на D открыт.
March 20, 2020, 11:03 am
я стою на B, мой маршут B
March 20, 2020, 11:03 am
Маршут: C на A открыт.
March 20, 2020, 11:03 am
я стою на C, мой маршут A, я еду.
March 20, 2020, 11:03 am
Маршут: C на B открыт.
March 20, 2020, 11:03 am
я стою на C, мой маршут A
March 20, 2020, 11:03 am
Маршут: C на C открыт.
March 20, 2020, 11:03 am
я стою на C, мой маршут A
March 20, 2020, 11:03 am
Маршут: C на D открыт.
March 20, 2020, 11:03 am
я стою на C, мой маршут A
March 20, 2020, 11:03 am
Маршут: D на A открыт.
March 20, 2020, 11:03 am
я стою на D, мой маршут D
March 20, 2020, 11:03 am
Маршут: D на B открыт.
March 20, 2020, 11:03 am
я стою на D, мой маршут D
March 20, 2020, 11:03 am
Маршут: D на C открыт.
March 20, 2020, 11:03 am
я стою на D, мой маршут D
March 20, 2020, 11:03 am
Маршут: D на D открыт.
March 20, 2020, 11:03 am
я стою на D, мой маршут D, я еду.
March 20, 2020, 11:03 am
Маршут: A на A открыт.
March 20, 2020, 11:03 am
я стою на A, мой маршут C
March 20, 2020, 11:03 am
Маршут: A на B открыт.
March 20, 2020, 11:03 am
я стою на A, мой маршут C
March 20, 2020, 11:03 am
Маршут: A на C открыт.
March 20, 2020, 11:03 am
я стою на A, мой маршут C, я еду.
March 20, 2020, 11:03 am
Маршут: A на D открыт.
March 20, 2020, 11:03 am
я стою на A, мой маршут C
March 20, 2020, 11:03 am
Маршут: B на A открыт.
March 20, 2020, 11:03 am
я стою на B, мой маршут B
March 20, 2020, 11:03 am
Маршут: B на B открыт.
March 20, 2020, 11:03 am
я стою на B, мой маршут B, я еду.
March 20, 2020, 11:03 am
Маршут: B на C открыт.
March 20, 2020, 11:03 am
я стою на B, мой маршут B
March 20, 2020, 11:03 am
Маршут: B на D открыт.
March 20, 2020, 11:03 am
я стою на B, мой маршут B
March 20, 2020, 11:03 am
Маршут: C на A открыт.
March 20, 2020, 11:03 am
я стою на C, мой маршут A, я еду.
March 20, 2020, 11:03 am
Маршут: C на B открыт.
March 20, 2020, 11:03 am
я стою на C, мой маршут B, я еду.
March 20, 2020, 11:03 am
Маршут: C на C открыт.
March 20, 2020, 11:03 am
я стою на C, мой маршут D
March 20, 2020, 11:03 am
Маршут: C на D открыт.
March 20, 2020, 11:03 am
я стою на C, мой маршут D, я еду.
March 20, 2020, 11:03 am
Маршут: D на A открыт.
March 20, 2020, 11:03 am
я стою на D, мой маршут D
March 20, 2020, 11:03 am
Маршут: D на B открыт.
March 20, 2020, 11:03 am
я стою на D, мой маршут D
March 20, 2020, 11:03 am
Маршут: D на C открыт.
March 20, 2020, 11:03 am
я стою на D, мой маршут D
March 20, 2020, 11:03 am
Маршут: D на D открыт.
March 20, 2020, 11:03 am
я стою на D, мой маршут D, я еду.
March 20, 2020, 11:03 am
Маршут: A на A открыт.
March 20, 2020, 11:03 am
я стою на A, мой маршут C
March 20, 2020, 11:03 am
Маршут: A на B открыт.
March 20, 2020, 11:03 am
я стою на A, мой маршут C
March 20, 2020, 11:03 am
Маршут: A на C открыт.
March 20, 2020, 11:03 am
я стою на A, мой маршут C, я еду.
March 20, 2020, 11:03 am
Маршут: A на D открыт.
March 20, 2020, 11:03 am
я стою на A, мой маршут C
March 20, 2020, 11:03 am
Маршут: B на A открыт.
March 20, 2020, 11:03 am
я стою на B, мой маршут B
March 20, 2020, 11:03 am
Маршут: B на B открыт.
March 20, 2020, 11:03 am
я стою на B, мой маршут B, я еду.
March 20, 2020, 11:03 am
Маршут: B на C открыт.
March 20, 2020, 11:03 am
я стою на B, мой маршут B
March 20, 2020, 11:03 am
Маршут: B на D открыт.
March 20, 2020, 11:03 am
я стою на B, мой маршут B
March 20, 2020, 11:03 am
Маршут: C на A открыт.
March 20, 2020, 11:03 am
Маршут: C на B открыт.
March 20, 2020, 11:03 am
Маршут: C на C открыт.
March 20, 2020, 11:03 am
Маршут: C на D открыт.
March 20, 2020, 11:03 am
Маршут: D на A открыт.
March 20, 2020, 11:03 am
я стою на D, мой маршут B
March 20, 2020, 11:03 am
Маршут: D на B открыт.
March 20, 2020, 11:03 am
я стою на D, мой маршут B, я еду.
March 20, 2020, 11:03 am
Маршут: D на C открыт.
March 20, 2020, 11:03 am
я стою на D, мой маршут B
March 20, 2020, 11:03 am
Маршут: D на D открыт.
March 20, 2020, 11:03 am
я стою на D, мой маршут B
March 20, 2020, 11:03 am
Маршут: A на A открыт.
March 20, 2020, 11:03 am
я стою на A, мой маршут C
March 20, 2020, 11:03 am
Маршут: A на B открыт.
March 20, 2020, 11:03 am
я стою на A, мой маршут C
March 20, 2020, 11:03 am
Маршут: A на C открыт.
March 20, 2020, 11:03 am
я стою на A, мой маршут C, я еду.
March 20, 2020, 11:03 am
Маршут: A на D открыт.
March 20, 2020, 11:03 am
я стою на A, мой маршут C
March 20, 2020, 11:03 am
Маршут: B на A открыт.
March 20, 2020, 11:03 am
я стою на B, мой маршут B
March 20, 2020, 11:03 am
Маршут: B на B открыт.
March 20, 2020, 11:03 am
я стою на B, мой маршут B, я еду.
March 20, 2020, 11:03 am
Маршут: B на C открыт.
March 20, 2020, 11:03 am
я стою на B, мой маршут A
March 20, 2020, 11:03 am
Маршут: B на D открыт.
March 20, 2020, 11:03 am
я стою на B, мой маршут A
March 20, 2020, 11:03 am
Маршут: C на A открыт.
March 20, 2020, 11:03 am
Маршут: C на B открыт.
March 20, 2020, 11:03 am
Маршут: C на C открыт.
March 20, 2020, 11:03 am
Маршут: C на D открыт.
March 20, 2020, 11:03 am
Маршут: D на A открыт.
March 20, 2020, 11:03 am
я стою на D, мой маршут B
March 20, 2020, 11:03 am
Маршут: D на B открыт.
March 20, 2020, 11:03 am
я стою на D, мой маршут B, я еду.
March 20, 2020, 11:03 am
Маршут: D на C открыт.
March 20, 2020, 11:03 am
я стою на D, мой маршут B
March 20, 2020, 11:03 am
Маршут: D на D открыт.
March 20, 2020, 11:03 am
я стою на D, мой маршут B
March 20, 2020, 11:03 am
Маршут: A на A открыт.
March 20, 2020, 11:03 am
я стою на A, мой маршут C
March 20, 2020, 11:03 am
Маршут: A на B открыт.
March 20, 2020, 11:03 am
я стою на A, мой маршут C
March 20, 2020, 11:03 am
Маршут: A на C открыт.
March 20, 2020, 11:03 am
я стою на A, мой маршут C, я еду.
March 20, 2020, 11:03 am
Маршут: A на D открыт.
March 20, 2020, 11:03 am
я стою на A, мой маршут A
March 20, 2020, 11:03 am
Маршут: B на A открыт.
March 20, 2020, 11:03 am
я стою на B, мой маршут A, я еду.
March 20, 2020, 11:03 am
Маршут: B на B открыт.
March 20, 2020, 11:03 am
я стою на B, мой маршут B, я еду.
March 20, 2020, 11:03 am
Маршут: B на C открыт.
March 20, 2020, 11:03 am
Маршут: B на D открыт.
March 20, 2020, 11:03 am
Маршут: C на A открыт.
March 20, 2020, 11:03 am
Маршут: C на B открыт.
March 20, 2020, 11:03 am
Маршут: C на C открыт.
March 20, 2020, 11:03 am
Маршут: C на D открыт.
March 20, 2020, 11:03 am
Маршут: D на A открыт.
March 20, 2020, 11:03 am
я стою на D, мой маршут B
March 20, 2020, 11:03 am
Маршут: D на B открыт.
March 20, 2020, 11:03 am
я стою на D, мой маршут B, я еду.
March 20, 2020, 11:03 am
Маршут: D на C открыт.
March 20, 2020, 11:03 am
я стою на D, мой маршут D
March 20, 2020, 11:03 am
Маршут: D на D открыт.
March 20, 2020, 11:03 am
я стою на D, мой маршут D, я еду.
March 20, 2020, 11:03 am
Маршут: A на A открыт.
March 20, 2020, 11:03 am
я стою на A, мой маршут A, я еду.
March 20, 2020, 11:03 am
Маршут: A на B открыт.
March 20, 2020, 11:03 am
Маршут: A на C открыт.
March 20, 2020, 11:03 am
Маршут: A на D открыт.
March 20, 2020, 11:03 am
Маршут: B на A открыт.
March 20, 2020, 11:03 am
Маршут: B на B открыт.
March 20, 2020, 11:03 am
Маршут: B на C открыт.
March 20, 2020, 11:03 am
Маршут: B на D открыт.
March 20, 2020, 11:03 am
Маршут: C на A открыт.
March 20, 2020, 11:03 am
Маршут: C на B открыт.
March 20, 2020, 11:03 am
Маршут: C на C открыт.
March 20, 2020, 11:03 am
Маршут: C на D открыт.
March 20, 2020, 11:03 am
Маршут: D на A открыт.
March 20, 2020, 11:03 am
я стою на D, мой маршут C
March 20, 2020, 11:03 am
Маршут: D на B открыт.
March 20, 2020, 11:03 am
я стою на D, мой маршут C
March 20, 2020, 11:03 am
Маршут: D на C открыт.
March 20, 2020, 11:03 am
я стою на D, мой маршут C, я еду.
March 20, 2020, 11:03 am
Маршут: D на D открыт.
Количество итерации: 102
